<?xml version="1.0" encoding="UTF-8"?>
<testsuite name="Cucumber" time="0.266" tests="1" skipped="0" failures="0" errors="0">
<testcase classname="to test login functionality" name="login ckeck" time="0.05">
<system-out><![CDATA[
Given user is on home page..................................................passed
When tittle is home.........................................................passed
Then user click login button................................................passed
Then user enter email and password..........................................passed
Then user click submit button...............................................passed
Then user is navigated to home dashboard....................................passed
]]></system-out>
</testcase>
</testsuite>
